<?xml version="1.0" encoding="UTF-8"?>
<!-- Generated by org.testng.reporters.JUnitReportReporter -->
<testsuite skipped="0" hostname="ip-172-31-87-16" name="tests.LoginTest" tests="2" failures="0" timestamp="17 Dec 2021 12:44:06 GMT" time="2.584" errors="0">
  <testcase name="NegativeLogin" time="1.308" classname="tests.LoginTest"/>
  <testcase name="PositiveLogin" time="1.276" classname="tests.LoginTest"/>
</testsuite> <!-- tests.LoginTest -->
