<?xml version="1.0" encoding="UTF-8"?>
<!-- Generated by org.testng.reporters.JUnitReportReporter -->
<testsuite skipped="0" hostname="ip-172-31-87-16" name="tests.LogoutTest" tests="1" failures="0" timestamp="17 Dec 2021 12:44:06 GMT" time="1.446" errors="0">
  <testcase name="Logout" time="1.446" classname="tests.LogoutTest"/>
</testsuite> <!-- tests.LogoutTest -->
