<?xml version="1.0" encoding="UTF-8"?>
<!-- Generated by org.testng.reporters.JUnitReportReporter -->
<testsuite skipped="0" hostname="ip-172-31-87-16" name="tests.AddToCartTest" tests="1" failures="0" timestamp="17 Dec 2021 12:44:06 GMT" time="1.526" errors="0">
  <testcase name="DoAddToCart" time="1.526" classname="tests.AddToCartTest"/>
</testsuite> <!-- tests.AddToCartTest -->
